\BOOKMARK [1][]{section.0.1}{1\040Introduction}{}% 1
\BOOKMARK [2][]{subsection.0.1.1}{1.1\040Background}{section.0.1}% 2
\BOOKMARK [2][]{subsection.0.1.2}{1.2\040Restatement\040of\040the\040problem}{section.0.1}% 3
\BOOKMARK [1][]{section.0.2}{2\040Assumptions\040and\040Notations}{}% 4
\BOOKMARK [2][]{subsection.0.2.1}{2.1\040Assumptions}{section.0.2}% 5
\BOOKMARK [2][]{subsection.0.2.2}{2.2\040Notations}{section.0.2}% 6
\BOOKMARK [1][]{section.0.3}{3\040Distribution\040of\040the\040charging\040stations\040in\040US}{}% 7
\BOOKMARK [2][]{subsection.0.3.1}{3.1\040Concepts\040statements}{section.0.3}% 8
\BOOKMARK [2][]{subsection.0.3.2}{3.2\040All-electric\040analysis\040model}{section.0.3}% 9
\BOOKMARK [3][]{subsubsection.0.3.2.1}{3.2.1\040The\040model\040construction}{subsection.0.3.2}% 10
\BOOKMARK [3][]{subsubsection.0.3.2.2}{3.2.2\040Model\040solution\040and\040analysis}{subsection.0.3.2}% 11
\BOOKMARK [1][]{section.0.4}{4\040Exploring\040charging\040network\040in\040South\040Korea}{}% 12
\BOOKMARK [2][]{subsection.0.4.1}{4.1\040Charging\040station\040distribution\040model}{section.0.4}% 13
\BOOKMARK [3][]{subsubsection.0.4.1.1}{4.1.1\040Using\040our\040previous\040model\040in\040South\040Korea}{subsection.0.4.1}% 14
\BOOKMARK [3][]{subsubsection.0.4.1.2}{4.1.2\040Station\040quantity\040model}{subsection.0.4.1}% 15
\BOOKMARK [3][]{subsubsection.0.4.1.3}{4.1.3\040Station\040position\040model}{subsection.0.4.1}% 16
\BOOKMARK [3][]{subsubsection.0.4.1.4}{4.1.4\040Model\040solution\040and\040analysis}{subsection.0.4.1}% 17
\BOOKMARK [2][]{subsection.0.4.2}{4.2\040The\040priority\040of\040construction}{section.0.4}% 18
\BOOKMARK [2][]{subsection.0.4.3}{4.3\040Maximum\040Spanning\040Tree\040Based\040on\040Optimized\040Potential\040Model}{section.0.4}% 19
\BOOKMARK [1][]{section.0.5}{5\040IP\040Model\040for\040Classification\040System\040}{}% 20
\BOOKMARK [1][]{section.0.6}{6\040Competitive\040model\040for\040new\040technology}{}% 21
\BOOKMARK [1][]{section.0.7}{7\040Sensitivity\040Analysis}{}% 22
\BOOKMARK [1][]{section.0.8}{8\040Strengths\040and\040Weaknesses}{}% 23
\BOOKMARK [2][]{subsection.0.8.1}{8.1\040Weaknesses}{section.0.8}% 24
\BOOKMARK [1][]{section.0.9}{9\040Handout}{}% 25
\BOOKMARK [1][]{section.0.10}{References}{}% 26
